<?xml version="1.0" encoding="UTF-8"?>
<testng-results ignored="0" total="1" passed="1" failed="0" skipped="0">
  <reporter-output>
  </reporter-output>
  <suite started-at="2022-06-29T16:26:24 IST" name="Default suite" finished-at="2022-06-29T16:26:24 IST" duration-ms="68">
    <groups>
    </groups>
    <test started-at="2022-06-29T16:26:24 IST" name="Default test" finished-at="2022-06-29T16:26:24 IST" duration-ms="68">
      <class name="com.vtiger.test.TestMaven">
        <test-method signature="Demo()[pri:0, instance:com.vtiger.test.TestMaven@212b5695]" started-at="2022-06-29T16:26:24 IST" name="Demo" finished-at="2022-06-29T16:26:24 IST" duration-ms="12" status="PASS">
          <reporter-output>
          </reporter-output>
        </test-method> <!-- Demo -->
      </class> <!-- com.vtiger.test.TestMaven -->
    </test> <!-- Default test -->
  </suite> <!-- Default suite -->
</testng-results>
